<?xml version="1.0" encoding="UTF-8" ?>
<testsuites errors="1"
            failures="1"
            tests="2">

  <testsuite name="register"
    errors="1" failures="1" hostname="" id="" package="register" skipped="1"
    tests="2" time="17.62" timestamp="">
  
    <testcase name="PASSO 1 : Acessara pagina de autentificação" classname="register" time="6.350" assertions="3">

    

    

    
    </testcase>
  
    <testcase name="PASSO 2  Tentar fazer cadastro" classname="register" time="11.27" assertions="2">

      <failure message="Testing if element &lt;#auth-email &gt; div.actions &gt; a&gt; is visible in 5000ms - expected &#34;is visible&#34; but got: &#34;element could not be located&#34; (5355ms)">    at Object.PASSO 2  Tentar fazer cadastro (C:\Users\Henri\Desktop\Dev\jsdeveloper1101\jsdeveloper\tests\register.js:16:15)
    at processTicksAndRejections (internal/process/task_queues.js:93:5)</failure>

    
    <error message="Error while running &#34;visible&#34; command: Testing if element [0;33m&lt;#auth-email &gt; div.actions &gt; a&gt;[0m is visible in 5000ms - expected [0;32m&#34;is visible&#34;[0m but got: [0;31m&#34;element could not be located&#34;[0m [0;90m(5355ms)[0m" type="error"><![CDATA[
        at Object.PASSO 2  Tentar fazer cadastro (C:\Users\Henri\Desktop\Dev\jsdeveloper1101\jsdeveloper\tests\register.js:16:15)
    at processTicksAndRejections (internal/process/task_queues.js:93:5)
    ]]></error>
    
    </testcase>
  

  
    <system-err>
        NoSuchElementError: An error occurred while running .isVisible() command on &lt;#auth-email &gt; div.actions &gt; a&gt;: 
   {&#34;sessionId&#34;:&#34;66cbf1db0f1db9f5fc57a5f3a5c0b6db&#34;,&#34;status&#34;:0,&#34;value&#34;:[]}
       at processTicksAndRejections (internal/process/task_queues.js:93:5)
    </system-err>
  

    

  
    
    <testcase
      name="Passo 3 : verificar se autentificou apos o cadastro" classname="register">
      <skipped />
    </testcase>
    
  
  </testsuite>
</testsuites>
